<?xml version="1.0" encoding="UTF-8"?>
<!-- Generated by org.testng.reporters.JUnitReportReporter -->
<testsuite skipped="0" hostname="EXIMR-IM-095" name="seleniumsample1.TestNGClass1" tests="2" failures="0" timestamp="21 Aug 2018 05:53:27 GMT" time="0.580" errors="0">
  <testcase name="verifyLogin" time="0.462" classname="seleniumsample1.TestNGClass1"/>
  <testcase name="verifyHomepageTitle" time="0.118" classname="seleniumsample1.TestNGClass1"/>
</testsuite> <!-- seleniumsample1.TestNGClass1 -->
