<?xml version="1.0" encoding="UTF-8"?>
<!-- Generated by org.testng.reporters.JUnitReportReporter -->
<testsuite skipped="0" hostname="EXIMR-IM-095" name="seleniumsample1.TestNGClass3" tests="1" failures="0" timestamp="10 Aug 2018 11:50:45 GMT" time="1.318" errors="0">
  <testcase name="dragAndDrop" time="1.318" classname="seleniumsample1.TestNGClass3"/>
</testsuite> <!-- seleniumsample1.TestNGClass3 -->
