<?xml version="1.0" encoding="UTF-8"?>
<!-- Generated by org.testng.reporters.JUnitReportReporter -->
<testsuite skipped="0" hostname="EXIMR-IM-095" name="TestngTutorials.DependsOnMethods" tests="3" failures="0" timestamp="29 Aug 2018 08:30:15 GMT" time="10.782" errors="0">
  <testcase name="startApp" time="9.486" classname="TestngTutorials.DependsOnMethods"/>
  <testcase name="logoutApp" time="0.002" classname="TestngTutorials.DependsOnMethods"/>
  <testcase name="loginApp" time="1.294" classname="TestngTutorials.DependsOnMethods"/>
</testsuite> <!-- TestngTutorials.DependsOnMethods -->
