<?xml version="1.0" encoding="UTF-8"?>
<!-- Generated by org.testng.reporters.JUnitReportReporter -->
<testsuite skipped="0" hostname="EXIMR-IM-095" name="seleniumsample1.TestNGClass4" tests="1" failures="0" timestamp="13 Aug 2018 03:19:25 GMT" time="2.180" errors="0">
  <testcase name="verifyHomepageTitle" time="2.180" classname="seleniumsample1.TestNGClass4"/>
</testsuite> <!-- seleniumsample1.TestNGClass4 -->
