<?xml version="1.0" encoding="UTF-8"?>
<!-- Generated by org.testng.reporters.JUnitReportReporter -->
<testsuite hostname="EXIMR-IM-095" name="com.qa.tests.GetAPITest" tests="1" failures="0" timestamp="20 Aug 2018 04:57:30 GMT" time="1.498" errors="0">
  <testcase name="getAPITest" time="1.498" classname="com.qa.tests.GetAPITest"/>
</testsuite> <!-- com.qa.tests.GetAPITest -->
